# JRE version: OpenJDK Runtime Environment (17.0.19+10) (build 17.0.19+10-1-22.04.2-Ubuntu)
# Java VM: OpenJDK 64-Bit Server VM (17.0.19+10-1-22.04.2-Ubuntu, mixed mode, sharing, tiered, compressed oops, compressed class ptrs, g1 gc, linux-amd64)
GC Precious Log:
 CPUs: 2 total, 2 available
 Memory: 12975M
 Large Page Support: Disabled
 NUMA Support: Disabled
 Compressed Oops: Enabled (32-bit)
 Heap Region Size: 1M
 Heap Min Capacity: 8M
 Heap Initial Capacity: 204M
 Heap Max Capacity: 1G
 Pre-touch: Disabled
 Parallel Workers: 2
 Concurrent Workers: 1
 Concurrent Refinement Workers: 2
 Periodic GC: Disabled
Heap:
 garbage-first heap   total 266240K, used 186231K [0x00000000c0000000, 0x0000000100000000)
  region size 1024K, 107 young (109568K), 1 survivors (1024K)
 Metaspace       used 10297K, committed 10560K, reserved 1114112K
  class space    used 1504K, committed 1600K, reserved 1048576K
GC Heap History (20 events):
Event: 1346.208 GC heap before
{Heap before GC invocations=32 (full 4):
 garbage-first heap   total 273408K, used 105073K [0x00000000c0000000, 0x0000000100000000)
  region size 1024K, 26 young (26624K), 0 survivors (0K)
 Metaspace       used 10312K, committed 10560K, reserved 1114112K
  class space    used 1508K, committed 1600K, reserved 1048576K
}
Event: 1346.474 GC heap after
{Heap after GC invocations=33 (full 5):
 garbage-first heap   total 273408K, used 79474K [0x00000000c0000000, 0x0000000100000000)
  region size 1024K, 0 young (0K), 0 survivors (0K)
 Metaspace       used 10312K, committed 10560K, reserved 1114112K
  class space    used 1508K, committed 1600K, reserved 1048576K
}
Event: 2239.231 GC heap before
{Heap before GC invocations=33 (full 5):
 garbage-first heap   total 273408K, used 79474K [0x00000000c0000000, 0x0000000100000000)
  region size 1024K, 1 young (1024K), 0 survivors (0K)
 Metaspace       used 10312K, committed 10560K, reserved 1114112K
  class space    used 1508K, committed 1600K, reserved 1048576K
}
Event: 2239.571 GC heap after
{Heap after GC invocations=34 (full 6):
 garbage-first heap   total 270336K, used 78684K [0x00000000c0000000, 0x0000000100000000)
  region size 1024K, 0 young (0K), 0 survivors (0K)
 Metaspace       used 10292K, committed 10560K, reserved 1114112K
  class space    used 1503K, committed 1600K, reserved 1048576K
}
Event: 2493.785 GC heap before
{Heap before GC invocations=34 (full 6):
 garbage-first heap   total 270336K, used 78684K [0x00000000c0000000, 0x0000000100000000)
  region size 1024K, 1 young (1024K), 0 survivors (0K)
 Metaspace       used 10292K, committed 10560K, reserved 1114112K
  class space    used 1503K, committed 1600K, reserved 1048576K
}
Event: 2494.066 GC heap after
{Heap after GC invocations=35 (full 7):
 garbage-first heap   total 266240K, used 78684K [0x00000000c0000000, 0x0000000100000000)
  region size 1024K, 0 young (0K), 0 survivors (0K)
 Metaspace       used 10292K, committed 10560K, reserved 1114112K
  class space    used 1503K, committed 1600K, reserved 1048576K
}
Event: 2627.970 GC heap before
{Heap before GC invocations=35 (full 7):
 garbage-first heap   total 266240K, used 78684K [0x00000000c0000000, 0x0000000100000000)
  region size 1024K, 1 young (1024K), 0 survivors (0K)
 Metaspace       used 10293K, committed 10560K, reserved 1114112K
  class space    used 1503K, committed 1600K, reserved 1048576K
}
Event: 2628.275 GC heap after
{Heap after GC invocations=36 (full 8):
 garbage-first heap   total 266240K, used 78684K [0x00000000c0000000, 0x0000000100000000)
  region size 1024K, 0 young (0K), 0 survivors (0K)
 Metaspace       used 10293K, committed 10560K, reserved 1114112K
  class space    used 1503K, committed 1600K, reserved 1048576K
}
Event: 5540.596 GC heap before
{Heap before GC invocations=36 (full 8):
 garbage-first heap   total 266240K, used 78684K [0x00000000c0000000, 0x0000000100000000)
  region size 1024K, 1 young (1024K), 0 survivors (0K)
 Metaspace       used 10293K, committed 10560K, reserved 1114112K
  class space    used 1503K, committed 1600K, reserved 1048576K
}
Event: 5541.071 GC heap after
{Heap after GC invocations=37 (full 9):
 garbage-first heap   total 266240K, used 78684K [0x00000000c0000000, 0x0000000100000000)
  region size 1024K, 0 young (0K), 0 survivors (0K)
 Metaspace       used 10293K, committed 10560K, reserved 1114112K
  class space    used 1503K, committed 1600K, reserved 1048576K
}
Event: 7337.947 GC heap before
{Heap before GC invocations=37 (full 9):
 garbage-first heap   total 266240K, used 78684K [0x00000000c0000000, 0x0000000100000000)
  region size 1024K, 1 young (1024K), 0 survivors (0K)
 Metaspace       used 10293K, committed 10560K, reserved 1114112K
  class space    used 1503K, committed 1600K, reserved 1048576K
}
Event: 7338.636 GC heap after
{Heap after GC invocations=38 (full 10):
 garbage-first heap   total 266240K, used 78684K [0x00000000c0000000, 0x0000000100000000)
  region size 1024K, 0 young (0K), 0 survivors (0K)
 Metaspace       used 10293K, committed 10560K, reserved 1114112K
  class space    used 1503K, committed 1600K, reserved 1048576K
}
Event: 7643.020 GC heap before
{Heap before GC invocations=38 (full 10):
 garbage-first heap   total 266240K, used 78684K [0x00000000c0000000, 0x0000000100000000)
  region size 1024K, 1 young (1024K), 0 survivors (0K)
 Metaspace       used 10293K, committed 10560K, reserved 1114112K
  class space    used 1503K, committed 1600K, reserved 1048576K
}
Event: 7643.297 GC heap after
{Heap after GC invocations=39 (full 11):
 garbage-first heap   total 266240K, used 78684K [0x00000000c0000000, 0x0000000100000000)
  region size 1024K, 0 young (0K), 0 survivors (0K)
 Metaspace       used 10293K, committed 10560K, reserved 1114112K
  class space    used 1503K, committed 1600K, reserved 1048576K
}
Event: 10621.830 GC heap before
{Heap before GC invocations=39 (full 11):
 garbage-first heap   total 266240K, used 221020K [0x00000000c0000000, 0x0000000100000000)
  region size 1024K, 139 young (142336K), 0 survivors (0K)
 Metaspace       used 10295K, committed 10560K, reserved 1114112K
  class space    used 1503K, committed 1600K, reserved 1048576K
}
Event: 10621.850 GC heap after
{Heap after GC invocations=40 (full 11):
 garbage-first heap   total 266240K, used 78787K [0x00000000c0000000, 0x0000000100000000)
  region size 1024K, 1 young (1024K), 1 survivors (1024K)
 Metaspace       used 10295K, committed 10560K, reserved 1114112K
  class space    used 1503K, committed 1600K, reserved 1048576K
}
Event: 10623.064 GC heap before
{Heap before GC invocations=40 (full 11):
 garbage-first heap   total 266240K, used 91075K [0x00000000c0000000, 0x0000000100000000)
  region size 1024K, 13 young (13312K), 1 survivors (1024K)
 Metaspace       used 10295K, committed 10560K, reserved 1114112K
  class space    used 1503K, committed 1600K, reserved 1048576K
}
Event: 10623.065 GC heap after
{Heap after GC invocations=41 (full 11):
 garbage-first heap   total 266240K, used 78729K [0x00000000c0000000, 0x0000000100000000)
  region size 1024K, 1 young (1024K), 1 survivors (1024K)
 Metaspace       used 10295K, committed 10560K, reserved 1114112K
  class space    used 1503K, committed 1600K, reserved 1048576K
}
Event: 10623.838 GC heap before
{Heap before GC invocations=41 (full 11):
 garbage-first heap   total 266240K, used 145289K [0x00000000c0000000, 0x0000000100000000)
  region size 1024K, 66 young (67584K), 1 survivors (1024K)
 Metaspace       used 10295K, committed 10560K, reserved 1114112K
  class space    used 1503K, committed 1600K, reserved 1048576K
}
Event: 10623.840 GC heap after
{Heap after GC invocations=42 (full 11):
 garbage-first heap   total 266240K, used 78711K [0x00000000c0000000, 0x0000000100000000)
  region size 1024K, 1 young (1024K), 1 survivors (1024K)
 Metaspace       used 10295K, committed 10560K, reserved 1114112K
  class space    used 1503K, committed 1600K, reserved 1048576K
}

